<?xml version="1.0" encoding="UTF-8"?>
<testsuite xmlns:xsi="http://www.w3.org/2001/XMLSchema-instance" xsi:noNamespaceSchemaLocation="https://maven.apache.org/surefire/maven-surefire-plugin/xsd/surefire-test-report.xsd" name="zup.edu.runners.RunnerTest" time="6.192" tests="1" errors="0" skipped="0" failures="0">
  <properties>
[...]
</properties>
  <testcase name="Retornar dados dos quadrinhos da marvel - GET /v1/public/comics" classname="API Marvel - GET /v1/public/comics" time="5.375"/>
</testsuite>